 Gfun         0  0  0.0000  0.0
   0.00000  0.50000000E+00  0.00000000E+00
   0.10000  0.40620660E+00  0.39380040E-02
   0.20000  0.33910005E+00  0.60201251E-02
   0.30000  0.29377245E+00  0.68640993E-02
   0.40000  0.26289017E+00  0.58128278E-02
   0.50000  0.23365375E+00  0.50088184E-02
   0.60000  0.21260917E+00  0.75599817E-02
   0.70000  0.19850441E+00  0.77882084E-02
   0.80000  0.19502375E+00  0.83789237E-02
   0.90000  0.18848419E+00  0.86776477E-02
   1.00000  0.18316227E+00  0.79025758E-02
   1.10000  0.18848419E+00  0.86776477E-02
   1.20000  0.19502375E+00  0.83789237E-02
   1.30000  0.19850441E+00  0.77882084E-02
   1.40000  0.21260917E+00  0.75599817E-02
   1.50000  0.23365375E+00  0.50088184E-02
   1.60000  0.26289017E+00  0.58128278E-02
   1.70000  0.29377245E+00  0.68640993E-02
   1.80000  0.33910005E+00  0.60201251E-02
   1.90000  0.40620660E+00  0.39380040E-02
============================================================================

 Gfun         0  0  1.0000  0.0
   0.00000 -0.14880442E+00  0.37883038E-02
   0.10000 -0.10881958E+00  0.38337655E-02
   0.20000 -0.78580981E-01  0.33393168E-02
   0.30000 -0.58810320E-01  0.27078143E-02
   0.40000 -0.43037843E-01  0.28637196E-02
   0.50000 -0.31845646E-01  0.22775816E-02
   0.60000 -0.24031657E-01  0.18528717E-02
   0.70000 -0.16166709E-01  0.13979661E-02
   0.80000 -0.94758110E-02  0.93189990E-03
   0.90000 -0.44159699E-02  0.73424930E-03
   1.00000  0.29307340E-19  0.21380360E-18
   1.10000  0.44159699E-02  0.73424930E-03
   1.20000  0.94758110E-02  0.93189990E-03
   1.30000  0.16166709E-01  0.13979661E-02
   1.40000  0.24031657E-01  0.18528717E-02
   1.50000  0.31845646E-01  0.22775816E-02
   1.60000  0.43037843E-01  0.28637196E-02
   1.70000  0.58810320E-01  0.27078143E-02
   1.80000  0.78580981E-01  0.33393168E-02
   1.90000  0.10881958E+00  0.38337655E-02
============================================================================

 Gfun         0  0  2.0000  0.0
   0.00000  0.16839015E-18  0.12127855E-18
   0.10000 -0.14994298E-01  0.66148073E-03
   0.20000 -0.23843336E-01  0.16384704E-02
   0.30000 -0.29441265E-01  0.20952892E-02
   0.40000 -0.33798735E-01  0.21923860E-02
   0.50000 -0.33955062E-01  0.25619649E-02
   0.60000 -0.35615600E-01  0.29752453E-02
   0.70000 -0.36855955E-01  0.30907492E-02
   0.80000 -0.37724052E-01  0.34002409E-02
   0.90000 -0.39191729E-01  0.41324820E-02
   1.00000 -0.38864662E-01  0.41160848E-02
   1.10000 -0.39191729E-01  0.41324820E-02
   1.20000 -0.37724052E-01  0.34002409E-02
   1.30000 -0.36855955E-01  0.30907492E-02
   1.40000 -0.35615600E-01  0.29752453E-02
   1.50000 -0.33955062E-01  0.25619649E-02
   1.60000 -0.33798735E-01  0.21923860E-02
   1.70000 -0.29441265E-01  0.20952892E-02
   1.80000 -0.23843336E-01  0.16384704E-02
   1.90000 -0.14994298E-01  0.66148073E-03
============================================================================

 Gfun         0  0  1.0000  1.0
   0.00000 -0.52770153E-19  0.19714080E-18
   0.10000 -0.14883359E-01  0.70858152E-03
   0.20000 -0.23174380E-01  0.10081444E-02
   0.30000 -0.27860610E-01  0.14150269E-02
   0.40000 -0.30026889E-01  0.15585751E-02
   0.50000 -0.31100594E-01  0.18215139E-02
   0.60000 -0.32040725E-01  0.21540547E-02
   0.70000 -0.32357214E-01  0.21769561E-02
   0.80000 -0.32155550E-01  0.23550260E-02
   0.90000 -0.31413747E-01  0.22299147E-02
   1.00000 -0.30882159E-01  0.21342836E-02
   1.10000 -0.31413747E-01  0.22299147E-02
   1.20000 -0.32155550E-01  0.23550260E-02
   1.30000 -0.32357214E-01  0.21769561E-02
   1.40000 -0.32040725E-01  0.21540547E-02
   1.50000 -0.31100594E-01  0.18215139E-02
   1.60000 -0.30026889E-01  0.15585751E-02
   1.70000 -0.27860610E-01  0.14150269E-02
   1.80000 -0.23174380E-01  0.10081444E-02
   1.90000 -0.14883359E-01  0.70858152E-03
============================================================================

 Gfun         0  0  2.0000  1.0
   0.00000  0.35783240E-01  0.22060882E-02
   0.10000  0.34907350E-01  0.22826591E-02
   0.20000  0.31390282E-01  0.21023577E-02
   0.30000  0.26815201E-01  0.20647986E-02
   0.40000  0.22379207E-01  0.21197198E-02
   0.50000  0.18344345E-01  0.19959218E-02
   0.60000  0.14647219E-01  0.16015119E-02
   0.70000  0.10493508E-01  0.11869333E-02
   0.80000  0.64817195E-02  0.92244024E-03
   0.90000  0.28817161E-02  0.63732439E-03
   1.00000  0.13516528E-18  0.35890183E-18
   1.10000 -0.28817161E-02  0.63732439E-03
   1.20000 -0.64817195E-02  0.92244024E-03
   1.30000 -0.10493508E-01  0.11869333E-02
   1.40000 -0.14647219E-01  0.16015119E-02
   1.50000 -0.18344345E-01  0.19959218E-02
   1.60000 -0.22379207E-01  0.21197198E-02
   1.70000 -0.26815201E-01  0.20647986E-02
   1.80000 -0.31390282E-01  0.21023577E-02
   1.90000 -0.34907350E-01  0.22826591E-02
============================================================================

 Gfun         0  0  2.0000  2.0
   0.00000  0.45400966E-19  0.91528624E-19
   0.10000  0.11217028E-01  0.13225017E-02
   0.20000  0.20869027E-01  0.22506114E-02
   0.30000  0.27314189E-01  0.27840952E-02
   0.40000  0.34390758E-01  0.34652719E-02
   0.50000  0.39954334E-01  0.43218262E-02
   0.60000  0.45483325E-01  0.50476173E-02
   0.70000  0.48465127E-01  0.53165552E-02
   0.80000  0.50475448E-01  0.57252369E-02
   0.90000  0.51913749E-01  0.59822551E-02
   1.00000  0.51310920E-01  0.60679220E-02
   1.10000  0.51913749E-01  0.59822551E-02
   1.20000  0.50475448E-01  0.57252369E-02
   1.30000  0.48465127E-01  0.53165552E-02
   1.40000  0.45483325E-01  0.50476173E-02
   1.50000  0.39954334E-01  0.43218262E-02
   1.60000  0.34390758E-01  0.34652719E-02
   1.70000  0.27314189E-01  0.27840952E-02
   1.80000  0.20869027E-01  0.22506114E-02
   1.90000  0.11217028E-01  0.13225017E-02
============================================================================

 Gfun up      0  0  0.0000  0.0
   0.00000  0.47633052E+00  0.10094397E-01
   0.10000  0.39176027E+00  0.92667142E-02
   0.20000  0.32302232E+00  0.54092638E-02
   0.30000  0.27656203E+00  0.84771886E-02
   0.40000  0.24434959E+00  0.60817178E-02
   0.50000  0.22152851E+00  0.64196480E-02
   0.60000  0.20674107E+00  0.89647205E-02
   0.70000  0.19374800E+00  0.74905416E-02
   0.80000  0.19075384E+00  0.77726329E-02
   0.90000  0.18430096E+00  0.94464288E-02
   1.00000  0.18316227E+00  0.79025758E-02
   1.10000  0.19266743E+00  0.85368299E-02
   1.20000  0.19929367E+00  0.99615783E-02
   1.30000  0.20326082E+00  0.88678205E-02
   1.40000  0.21847726E+00  0.86395383E-02
   1.50000  0.24577898E+00  0.80643498E-02
   1.60000  0.28143075E+00  0.81673426E-02
   1.70000  0.31098287E+00  0.86719144E-02
   1.80000  0.35517778E+00  0.10124343E-01
   1.90000  0.42065293E+00  0.10819718E-01
============================================================================

 Gfun up      0  0  1.0000  0.0
   0.00000 -0.14880442E+00  0.37883038E-02
   0.10000 -0.11094475E+00  0.40044703E-02
   0.20000 -0.82215119E-01  0.42444222E-02
   0.30000 -0.61928266E-01  0.36188344E-02
   0.40000 -0.48302574E-01  0.42892614E-02
   0.50000 -0.38416369E-01  0.39584189E-02
   0.60000 -0.29893971E-01  0.35210152E-02
   0.70000 -0.22358443E-01  0.35548411E-02
   0.80000 -0.15296103E-01  0.31465227E-02
   0.90000 -0.12162271E-01  0.30652857E-02
   1.00000 -0.80329664E-02  0.36542146E-02
   1.10000 -0.33303314E-02  0.27230945E-02
   1.20000  0.36555190E-02  0.20678391E-02
   1.30000  0.99749755E-02  0.19965851E-02
   1.40000  0.18169343E-01  0.21078641E-02
   1.50000  0.25274923E-01  0.25890111E-02
   1.60000  0.37773112E-01  0.26899945E-02
   1.70000  0.55692373E-01  0.23813665E-02
   1.80000  0.74946843E-01  0.33812023E-02
   1.90000  0.10669441E+00  0.41271753E-02
============================================================================

 Gfun up      0  0  2.0000  0.0
   0.00000  0.78963239E-02  0.36647178E-02
   0.10000 -0.74973238E-02  0.31519483E-02
   0.20000 -0.16036016E-01  0.30815674E-02
   0.30000 -0.21276458E-01  0.25112239E-02
   0.40000 -0.26809517E-01  0.28374344E-02
   0.50000 -0.27524412E-01  0.27590391E-02
   0.60000 -0.30752875E-01  0.31006999E-02
   0.70000 -0.33115281E-01  0.33301725E-02
   0.80000 -0.34327394E-01  0.30711938E-02
   0.90000 -0.37552610E-01  0.40758127E-02
   1.00000 -0.38864662E-01  0.41160848E-02
   1.10000 -0.40830849E-01  0.43590137E-02
   1.20000 -0.41120709E-01  0.41895406E-02
   1.30000 -0.40596629E-01  0.36337979E-02
   1.40000 -0.40478325E-01  0.40669011E-02
   1.50000 -0.40385711E-01  0.37594442E-02
   1.60000 -0.40787954E-01  0.34153848E-02
   1.70000 -0.37606072E-01  0.41783222E-02
   1.80000 -0.31650656E-01  0.40254792E-02
   1.90000 -0.22491272E-01  0.37320887E-02
============================================================================

 Gfun up      0  0  1.0000  1.0
   0.00000  0.43816648E-02  0.36871477E-02
   0.10000 -0.10996260E-01  0.32164615E-02
   0.20000 -0.19719683E-01  0.28737764E-02
   0.30000 -0.24101964E-01  0.31007175E-02
   0.40000 -0.26496950E-01  0.28892786E-02
   0.50000 -0.28224441E-01  0.32936379E-02
   0.60000 -0.30298230E-01  0.29076526E-02
   0.70000 -0.30928248E-01  0.24797701E-02
   0.80000 -0.30940643E-01  0.24814427E-02
   0.90000 -0.30311350E-01  0.21156560E-02
   1.00000 -0.30882159E-01  0.21342836E-02
   1.10000 -0.32516144E-01  0.24038950E-02
   1.20000 -0.33370456E-01  0.27117304E-02
   1.30000 -0.33786180E-01  0.25766786E-02
   1.40000 -0.33783220E-01  0.28090799E-02
   1.50000 -0.33976748E-01  0.28053653E-02
   1.60000 -0.33556828E-01  0.29559938E-02
   1.70000 -0.31619256E-01  0.32679957E-02
   1.80000 -0.26629077E-01  0.32062020E-02
   1.90000 -0.18770459E-01  0.36292124E-02
============================================================================

 Gfun up      0  0  2.0000  1.0
   0.00000  0.35783240E-01  0.22060882E-02
   0.10000  0.35910562E-01  0.24402561E-02
   0.20000  0.33083671E-01  0.25647095E-02
   0.30000  0.28792490E-01  0.25645673E-02
   0.40000  0.25632054E-01  0.29344057E-02
   0.50000  0.21783583E-01  0.28377831E-02
   0.60000  0.17551478E-01  0.28830346E-02
   0.70000  0.14162858E-01  0.31077211E-02
   0.80000  0.10174198E-01  0.28576515E-02
   0.90000  0.73236692E-02  0.29969664E-02
   1.00000  0.46180560E-02  0.29605029E-02
   1.10000  0.15602370E-02  0.21261122E-02
   1.20000 -0.27892411E-02  0.19942664E-02
   1.30000 -0.68241590E-02  0.19520994E-02
   1.40000 -0.11742960E-01  0.19976106E-02
   1.50000 -0.14905106E-01  0.23032312E-02
   1.60000 -0.19126360E-01  0.21524090E-02
   1.70000 -0.24837912E-01  0.19569059E-02
   1.80000 -0.29696893E-01  0.19999705E-02
   1.90000 -0.33904138E-01  0.22162196E-02
============================================================================

 Gfun up      0  0  2.0000  2.0
   0.00000 -0.11160799E-01  0.65964569E-02
   0.10000  0.23785465E-03  0.54227658E-02
   0.20000  0.10770278E-01  0.51556574E-02
   0.30000  0.16821722E-01  0.46193281E-02
   0.40000  0.23767320E-01  0.46054643E-02
   0.50000  0.30958004E-01  0.48537413E-02
   0.60000  0.38555303E-01  0.51364281E-02
   0.70000  0.44654187E-01  0.56934124E-02
   0.80000  0.47876211E-01  0.54108428E-02
   0.90000  0.49533670E-01  0.56025334E-02
   1.00000  0.51310920E-01  0.60679220E-02
   1.10000  0.54293828E-01  0.66251359E-02
   1.20000  0.53074685E-01  0.67784589E-02
   1.30000  0.52276068E-01  0.60399416E-02
   1.40000  0.52411347E-01  0.71393605E-02
   1.50000  0.48950664E-01  0.75097780E-02
   1.60000  0.45014197E-01  0.72417404E-02
   1.70000  0.37806657E-01  0.75571066E-02
   1.80000  0.30967776E-01  0.68515281E-02
   1.90000  0.22196202E-01  0.65738442E-02
============================================================================

 Gfun dn      0  0  0.0000  0.0
   0.00000  0.52366948E+00  0.10094397E-01
   0.10000  0.42065293E+00  0.10819718E-01
   0.20000  0.35517778E+00  0.10124343E-01
   0.30000  0.31098287E+00  0.86719144E-02
   0.40000  0.28143075E+00  0.81673426E-02
   0.50000  0.24577898E+00  0.80643498E-02
   0.60000  0.21847726E+00  0.86395383E-02
   0.70000  0.20326082E+00  0.88678205E-02
   0.80000  0.19929367E+00  0.99615783E-02
   0.90000  0.19266743E+00  0.85368299E-02
   1.00000  0.18316227E+00  0.79025758E-02
   1.10000  0.18430096E+00  0.94464288E-02
   1.20000  0.19075384E+00  0.77726329E-02
   1.30000  0.19374800E+00  0.74905416E-02
   1.40000  0.20674107E+00  0.89647205E-02
   1.50000  0.22152851E+00  0.64196480E-02
   1.60000  0.24434959E+00  0.60817178E-02
   1.70000  0.27656203E+00  0.84771886E-02
   1.80000  0.32302232E+00  0.54092638E-02
   1.90000  0.39176027E+00  0.92667142E-02
============================================================================

 Gfun dn      0  0  1.0000  0.0
   0.00000 -0.14880442E+00  0.37883038E-02
   0.10000 -0.10669441E+00  0.41271753E-02
   0.20000 -0.74946843E-01  0.33812023E-02
   0.30000 -0.55692373E-01  0.23813665E-02
   0.40000 -0.37773112E-01  0.26899945E-02
   0.50000 -0.25274923E-01  0.25890111E-02
   0.60000 -0.18169343E-01  0.21078641E-02
   0.70000 -0.99749755E-02  0.19965851E-02
   0.80000 -0.36555190E-02  0.20678391E-02
   0.90000  0.33303314E-02  0.27230945E-02
   1.00000  0.80329664E-02  0.36542146E-02
   1.10000  0.12162271E-01  0.30652857E-02
   1.20000  0.15296103E-01  0.31465227E-02
   1.30000  0.22358443E-01  0.35548411E-02
   1.40000  0.29893971E-01  0.35210152E-02
   1.50000  0.38416369E-01  0.39584189E-02
   1.60000  0.48302574E-01  0.42892614E-02
   1.70000  0.61928266E-01  0.36188344E-02
   1.80000  0.82215119E-01  0.42444222E-02
   1.90000  0.11094475E+00  0.40044703E-02
============================================================================

 Gfun dn      0  0  2.0000  0.0
   0.00000 -0.78963239E-02  0.36647178E-02
   0.10000 -0.22491272E-01  0.37320887E-02
   0.20000 -0.31650656E-01  0.40254792E-02
   0.30000 -0.37606072E-01  0.41783222E-02
   0.40000 -0.40787954E-01  0.34153848E-02
   0.50000 -0.40385711E-01  0.37594442E-02
   0.60000 -0.40478325E-01  0.40669011E-02
   0.70000 -0.40596629E-01  0.36337979E-02
   0.80000 -0.41120709E-01  0.41895406E-02
   0.90000 -0.40830849E-01  0.43590137E-02
   1.00000 -0.38864662E-01  0.41160848E-02
   1.10000 -0.37552610E-01  0.40758127E-02
   1.20000 -0.34327394E-01  0.30711938E-02
   1.30000 -0.33115281E-01  0.33301725E-02
   1.40000 -0.30752875E-01  0.31006999E-02
   1.50000 -0.27524412E-01  0.27590391E-02
   1.60000 -0.26809517E-01  0.28374344E-02
   1.70000 -0.21276458E-01  0.25112239E-02
   1.80000 -0.16036016E-01  0.30815674E-02
   1.90000 -0.74973238E-02  0.31519483E-02
============================================================================

 Gfun dn      0  0  1.0000  1.0
   0.00000 -0.43816648E-02  0.36871477E-02
   0.10000 -0.18770459E-01  0.36292124E-02
   0.20000 -0.26629077E-01  0.32062020E-02
   0.30000 -0.31619256E-01  0.32679957E-02
   0.40000 -0.33556828E-01  0.29559938E-02
   0.50000 -0.33976748E-01  0.28053653E-02
   0.60000 -0.33783220E-01  0.28090799E-02
   0.70000 -0.33786180E-01  0.25766786E-02
   0.80000 -0.33370456E-01  0.27117304E-02
   0.90000 -0.32516144E-01  0.24038950E-02
   1.00000 -0.30882159E-01  0.21342836E-02
   1.10000 -0.30311350E-01  0.21156560E-02
   1.20000 -0.30940643E-01  0.24814427E-02
   1.30000 -0.30928248E-01  0.24797701E-02
   1.40000 -0.30298230E-01  0.29076526E-02
   1.50000 -0.28224441E-01  0.32936379E-02
   1.60000 -0.26496950E-01  0.28892786E-02
   1.70000 -0.24101964E-01  0.31007175E-02
   1.80000 -0.19719683E-01  0.28737764E-02
   1.90000 -0.10996260E-01  0.32164615E-02
============================================================================

 Gfun dn      0  0  2.0000  1.0
   0.00000  0.35783240E-01  0.22060882E-02
   0.10000  0.33904138E-01  0.22162196E-02
   0.20000  0.29696893E-01  0.19999705E-02
   0.30000  0.24837912E-01  0.19569059E-02
   0.40000  0.19126360E-01  0.21524090E-02
   0.50000  0.14905106E-01  0.23032312E-02
   0.60000  0.11742960E-01  0.19976106E-02
   0.70000  0.68241590E-02  0.19520994E-02
   0.80000  0.27892411E-02  0.19942664E-02
   0.90000 -0.15602370E-02  0.21261122E-02
   1.00000 -0.46180560E-02  0.29605029E-02
   1.10000 -0.73236692E-02  0.29969664E-02
   1.20000 -0.10174198E-01  0.28576515E-02
   1.30000 -0.14162858E-01  0.31077211E-02
   1.40000 -0.17551478E-01  0.28830346E-02
   1.50000 -0.21783583E-01  0.28377831E-02
   1.60000 -0.25632054E-01  0.29344057E-02
   1.70000 -0.28792490E-01  0.25645673E-02
   1.80000 -0.33083671E-01  0.25647095E-02
   1.90000 -0.35910562E-01  0.24402561E-02
============================================================================

 Gfun dn      0  0  2.0000  2.0
   0.00000  0.11160799E-01  0.65964569E-02
   0.10000  0.22196202E-01  0.65738442E-02
   0.20000  0.30967776E-01  0.68515281E-02
   0.30000  0.37806657E-01  0.75571066E-02
   0.40000  0.45014197E-01  0.72417404E-02
   0.50000  0.48950664E-01  0.75097780E-02
   0.60000  0.52411347E-01  0.71393605E-02
   0.70000  0.52276068E-01  0.60399416E-02
   0.80000  0.53074685E-01  0.67784589E-02
   0.90000  0.54293828E-01  0.66251359E-02
   1.00000  0.51310920E-01  0.60679220E-02
   1.10000  0.49533670E-01  0.56025334E-02
   1.20000  0.47876211E-01  0.54108428E-02
   1.30000  0.44654187E-01  0.56934124E-02
   1.40000  0.38555303E-01  0.51364281E-02
   1.50000  0.30958004E-01  0.48537413E-02
   1.60000  0.23767320E-01  0.46054643E-02
   1.70000  0.16821722E-01  0.46193281E-02
   1.80000  0.10770278E-01  0.51556574E-02
   1.90000  0.23785465E-03  0.54227658E-02
============================================================================

 SxSx         0  0  0.0000  0.0
   0.00000  0.74935802E+00  0.11727899E-01
   0.10000  0.63860916E+00  0.76951144E-02
   0.20000  0.54576203E+00  0.12561913E-01
   0.30000  0.52793973E+00  0.29606130E-01
   0.40000  0.53661435E+00  0.53147542E-01
   0.50000  0.45281001E+00  0.74751497E-01
   0.60000  0.36742498E+00  0.18065412E-01
   0.70000  0.33362094E+00  0.23696539E-01
   0.80000  0.38214398E+00  0.39495046E-01
   0.90000  0.34309708E+00  0.41931682E-01
   1.00000  0.29597625E+00  0.39373110E-01
   1.10000  0.34309708E+00  0.41931682E-01
   1.20000  0.38214398E+00  0.39495046E-01
   1.30000  0.33362094E+00  0.23696539E-01
   1.40000  0.36742498E+00  0.18065412E-01
   1.50000  0.45281001E+00  0.74751497E-01
   1.60000  0.53661435E+00  0.53147542E-01
   1.70000  0.52793973E+00  0.29606130E-01
   1.80000  0.54576203E+00  0.12561913E-01
   1.90000  0.63860916E+00  0.76951144E-02
============================================================================

 SxSx         0  0  1.0000  0.0
   0.00000 -0.10470468E+00  0.56840246E-02
   0.10000 -0.94249448E-01  0.55914834E-02
   0.20000 -0.77090090E-01  0.64409517E-02
   0.30000 -0.68500075E-01  0.44968901E-02
   0.40000 -0.59520597E-01  0.44451186E-02
   0.50000 -0.55445438E-01  0.51147323E-02
   0.60000 -0.49643025E-01  0.35461100E-02
   0.70000 -0.48992537E-01  0.45240342E-02
   0.80000 -0.45181523E-01  0.25882435E-02
   0.90000 -0.52253476E-01  0.61711016E-02
   1.00000 -0.64790169E-01  0.21340011E-01
   1.10000 -0.52253476E-01  0.61711016E-02
   1.20000 -0.45181523E-01  0.25882435E-02
   1.30000 -0.48992537E-01  0.45240342E-02
   1.40000 -0.49643025E-01  0.35461100E-02
   1.50000 -0.55445438E-01  0.51147323E-02
   1.60000 -0.59520597E-01  0.44451186E-02
   1.70000 -0.68500075E-01  0.44968901E-02
   1.80000 -0.77090090E-01  0.64409517E-02
   1.90000 -0.94249448E-01  0.55914834E-02
============================================================================

 SxSx         0  0  2.0000  0.0
   0.00000  0.25012125E-01  0.33650984E-02
   0.10000  0.26936588E-01  0.20385693E-02
   0.20000  0.27767547E-01  0.30399348E-02
   0.30000  0.29381077E-01  0.31902367E-02
   0.40000  0.32573766E-01  0.35038049E-02
   0.50000  0.28187804E-01  0.24749573E-02
   0.60000  0.30178832E-01  0.32332117E-02
   0.70000  0.36834183E-01  0.57049975E-02
   0.80000  0.34309988E-01  0.39849710E-02
   0.90000  0.36678035E-01  0.40602774E-02
   1.00000  0.35287193E-01  0.43164187E-02
   1.10000  0.36678035E-01  0.40602774E-02
   1.20000  0.34309988E-01  0.39849710E-02
   1.30000  0.36834183E-01  0.57049975E-02
   1.40000  0.30178832E-01  0.32332117E-02
   1.50000  0.28187804E-01  0.24749573E-02
   1.60000  0.32573766E-01  0.35038049E-02
   1.70000  0.29381077E-01  0.31902367E-02
   1.80000  0.27767547E-01  0.30399348E-02
   1.90000  0.26936588E-01  0.20385693E-02
============================================================================

 SxSx         0  0  1.0000  1.0
   0.00000  0.26066011E-01  0.25209161E-02
   0.10000  0.26703191E-01  0.22814913E-02
   0.20000  0.28276574E-01  0.20991498E-02
   0.30000  0.30975802E-01  0.23644018E-02
   0.40000  0.30834079E-01  0.25082590E-02
   0.50000  0.31105082E-01  0.39701182E-02
   0.60000  0.32806155E-01  0.63497899E-02
   0.70000  0.31262819E-01  0.41970100E-02
   0.80000  0.29367274E-01  0.49295650E-02
   0.90000  0.25784308E-01  0.43278393E-02
   1.00000  0.24219280E-01  0.43151451E-02
   1.10000  0.25784308E-01  0.43278393E-02
   1.20000  0.29367274E-01  0.49295650E-02
   1.30000  0.31262819E-01  0.41970100E-02
   1.40000  0.32806155E-01  0.63497899E-02
   1.50000  0.31105082E-01  0.39701182E-02
   1.60000  0.30834079E-01  0.25082590E-02
   1.70000  0.30975802E-01  0.23644018E-02
   1.80000  0.28276574E-01  0.20991498E-02
   1.90000  0.26703191E-01  0.22814913E-02
============================================================================

 SxSx         0  0  2.0000  1.0
   0.00000 -0.19206520E-01  0.19658864E-02
   0.10000 -0.21927268E-01  0.22597215E-02
   0.20000 -0.24272928E-01  0.38374814E-02
   0.30000 -0.22974039E-01  0.34342982E-02
   0.40000 -0.23982886E-01  0.34225514E-02
   0.50000 -0.24863822E-01  0.45335891E-02
   0.60000 -0.24628959E-01  0.47300558E-02
   0.70000 -0.26118361E-01  0.45148092E-02
   0.80000 -0.23712595E-01  0.48458898E-02
   0.90000 -0.24735632E-01  0.52994316E-02
   1.00000 -0.30260575E-01  0.11115126E-01
   1.10000 -0.24735632E-01  0.52994316E-02
   1.20000 -0.23712595E-01  0.48458898E-02
   1.30000 -0.26118361E-01  0.45148092E-02
   1.40000 -0.24628959E-01  0.47300558E-02
   1.50000 -0.24863822E-01  0.45335891E-02
   1.60000 -0.23982886E-01  0.34225514E-02
   1.70000 -0.22974039E-01  0.34342982E-02
   1.80000 -0.24272928E-01  0.38374814E-02
   1.90000 -0.21927268E-01  0.22597215E-02
============================================================================

 SxSx         0  0  2.0000  2.0
   0.00000  0.22300117E-01  0.48790841E-02
   0.10000  0.21046030E-01  0.28176113E-02
   0.20000  0.24871934E-01  0.20301003E-02
   0.30000  0.27046238E-01  0.40402375E-02
   0.40000  0.30093501E-01  0.41538753E-02
   0.50000  0.31564457E-01  0.46382471E-02
   0.60000  0.38591011E-01  0.73390167E-02
   0.70000  0.38360159E-01  0.65561128E-02
   0.80000  0.38449514E-01  0.60951998E-02
   0.90000  0.38888468E-01  0.67162903E-02
   1.00000  0.35862956E-01  0.77427767E-02
   1.10000  0.38888468E-01  0.67162903E-02
   1.20000  0.38449514E-01  0.60951998E-02
   1.30000  0.38360159E-01  0.65561128E-02
   1.40000  0.38591011E-01  0.73390167E-02
   1.50000  0.31564457E-01  0.46382471E-02
   1.60000  0.30093501E-01  0.41538753E-02
   1.70000  0.27046238E-01  0.40402375E-02
   1.80000  0.24871934E-01  0.20301003E-02
   1.90000  0.21046030E-01  0.28176113E-02
============================================================================

 SzSz         0  0  0.0000  0.0
   0.00000  0.74935802E+00  0.11727899E-01
   0.10000  0.64833269E+00  0.14416852E-01
   0.20000  0.57668967E+00  0.16927923E-01
   0.30000  0.52644288E+00  0.19298674E-01
   0.40000  0.49088880E+00  0.22780749E-01
   0.50000  0.46375366E+00  0.25202605E-01
   0.60000  0.44068445E+00  0.25853303E-01
   0.70000  0.42090386E+00  0.26163537E-01
   0.80000  0.41168389E+00  0.26598909E-01
   0.90000  0.40975817E+00  0.27534628E-01
   1.00000  0.40905725E+00  0.28139058E-01
   1.10000  0.40975817E+00  0.27534628E-01
   1.20000  0.41168389E+00  0.26598909E-01
   1.30000  0.42090386E+00  0.26163537E-01
   1.40000  0.44068445E+00  0.25853303E-01
   1.50000  0.46375366E+00  0.25202605E-01
   1.60000  0.49088880E+00  0.22780749E-01
   1.70000  0.52644288E+00  0.19298674E-01
   1.80000  0.57668967E+00  0.16927923E-01
   1.90000  0.64833269E+00  0.14416852E-01
============================================================================

 SzSz         0  0  1.0000  0.0
   0.00000 -0.11891141E+00  0.27763139E-01
   0.10000 -0.94050731E-01  0.26888984E-01
   0.20000 -0.77779547E-01  0.26527464E-01
   0.30000 -0.68126080E-01  0.26833958E-01
   0.40000 -0.63006013E-01  0.27713245E-01
   0.50000 -0.58892960E-01  0.28520399E-01
   0.60000 -0.54257612E-01  0.27231348E-01
   0.70000 -0.49608794E-01  0.26585955E-01
   0.80000 -0.47518504E-01  0.26786308E-01
   0.90000 -0.47688358E-01  0.27405353E-01
   1.00000 -0.47413157E-01  0.28379658E-01
   1.10000 -0.47688358E-01  0.27405353E-01
   1.20000 -0.47518504E-01  0.26786308E-01
   1.30000 -0.49608794E-01  0.26585955E-01
   1.40000 -0.54257612E-01  0.27231348E-01
   1.50000 -0.58892960E-01  0.28520399E-01
   1.60000 -0.63006013E-01  0.27713245E-01
   1.70000 -0.68126080E-01  0.26833958E-01
   1.80000 -0.77779547E-01  0.26527464E-01
   1.90000 -0.94050731E-01  0.26888984E-01
============================================================================

 SzSz         0  0  2.0000  0.0
   0.00000  0.92767653E-02  0.18922689E-01
   0.10000  0.81789226E-02  0.17761574E-01
   0.20000  0.76473613E-02  0.17041527E-01
   0.30000  0.92593828E-02  0.16874803E-01
   0.40000  0.12407777E-01  0.17350551E-01
   0.50000  0.14032756E-01  0.18635427E-01
   0.60000  0.11452414E-01  0.17373902E-01
   0.70000  0.10063702E-01  0.16904200E-01
   0.80000  0.94449986E-02  0.16993252E-01
   0.90000  0.11088018E-01  0.17347545E-01
   1.00000  0.12481518E-01  0.18718108E-01
   1.10000  0.11088018E-01  0.17347545E-01
   1.20000  0.94449986E-02  0.16993252E-01
   1.30000  0.10063702E-01  0.16904200E-01
   1.40000  0.11452414E-01  0.17373902E-01
   1.50000  0.14032756E-01  0.18635427E-01
   1.60000  0.12407777E-01  0.17350551E-01
   1.70000  0.92593828E-02  0.16874803E-01
   1.80000  0.76473613E-02  0.17041527E-01
   1.90000  0.81789226E-02  0.17761574E-01
============================================================================

 SzSz         0  0  1.0000  1.0
   0.00000  0.72274918E-02  0.32127661E-01
   0.10000  0.80249238E-02  0.30932469E-01
   0.20000  0.89845307E-02  0.30055956E-01
   0.30000  0.95558385E-02  0.29926542E-01
   0.40000  0.10761935E-01  0.30455511E-01
   0.50000  0.11648496E-01  0.31362101E-01
   0.60000  0.13311207E-01  0.29886654E-01
   0.70000  0.14175403E-01  0.28897988E-01
   0.80000  0.13793908E-01  0.28808326E-01
   0.90000  0.13322797E-01  0.29434931E-01
   1.00000  0.12097907E-01  0.30490764E-01
   1.10000  0.13322797E-01  0.29434931E-01
   1.20000  0.13793908E-01  0.28808326E-01
   1.30000  0.14175403E-01  0.28897988E-01
   1.40000  0.13311207E-01  0.29886654E-01
   1.50000  0.11648496E-01  0.31362101E-01
   1.60000  0.10761935E-01  0.30455511E-01
   1.70000  0.95558385E-02  0.29926542E-01
   1.80000  0.89845307E-02  0.30055956E-01
   1.90000  0.80249238E-02  0.30932469E-01
============================================================================

 SzSz         0  0  2.0000  1.0
   0.00000 -0.10100873E-01  0.34808691E-01
   0.10000 -0.10750424E-01  0.33835176E-01
   0.20000 -0.10702547E-01  0.32697726E-01
   0.30000 -0.95593362E-02  0.32618617E-01
   0.40000 -0.83948733E-02  0.33172929E-01
   0.50000 -0.75671558E-02  0.33566216E-01
   0.60000 -0.76461431E-02  0.31914464E-01
   0.70000 -0.89100829E-02  0.30687063E-01
   0.80000 -0.86696860E-02  0.30588926E-01
   0.90000 -0.82713251E-02  0.31271670E-01
   1.00000 -0.75996572E-02  0.32301316E-01
   1.10000 -0.82713251E-02  0.31271670E-01
   1.20000 -0.86696860E-02  0.30588926E-01
   1.30000 -0.89100829E-02  0.30687063E-01
   1.40000 -0.76461431E-02  0.31914464E-01
   1.50000 -0.75671558E-02  0.33566216E-01
   1.60000 -0.83948733E-02  0.33172929E-01
   1.70000 -0.95593362E-02  0.32618617E-01
   1.80000 -0.10702547E-01  0.32697726E-01
   1.90000 -0.10750424E-01  0.33835176E-01
============================================================================

 SzSz         0  0  2.0000  2.0
   0.00000  0.54450129E-02  0.57876453E-01
   0.10000  0.86317915E-02  0.57396489E-01
   0.20000  0.12223261E-01  0.56349678E-01
   0.30000  0.13774073E-01  0.56491759E-01
   0.40000  0.13068853E-01  0.56818490E-01
   0.50000  0.13644714E-01  0.56641683E-01
   0.60000  0.16998311E-01  0.55852696E-01
   0.70000  0.22560035E-01  0.55202371E-01
   0.80000  0.25220643E-01  0.55742157E-01
   0.90000  0.24830746E-01  0.57286917E-01
   1.00000  0.23856742E-01  0.57882357E-01
   1.10000  0.24830746E-01  0.57286917E-01
   1.20000  0.25220643E-01  0.55742157E-01
   1.30000  0.22560035E-01  0.55202371E-01
   1.40000  0.16998311E-01  0.55852696E-01
   1.50000  0.13644714E-01  0.56641683E-01
   1.60000  0.13068853E-01  0.56818490E-01
   1.70000  0.13774073E-01  0.56491759E-01
   1.80000  0.12223261E-01  0.56349678E-01
   1.90000  0.86317915E-02  0.57396489E-01
============================================================================

 Den-Den      0  0  0.0000  0.0
   0.00000  0.12506420E+01  0.11727899E-01
   0.10000  0.11603462E+01  0.89866644E-02
   0.20000  0.11084177E+01  0.64951785E-02
   0.30000  0.10768650E+01  0.48648217E-02
   0.40000  0.10567954E+01  0.37510543E-02
   0.50000  0.10440168E+01  0.31238805E-02
   0.60000  0.10357395E+01  0.26766340E-02
   0.70000  0.10303360E+01  0.22926641E-02
   0.80000  0.10273066E+01  0.21417214E-02
   0.90000  0.10258315E+01  0.21129316E-02
   1.00000  0.10254036E+01  0.20866372E-02
   1.10000  0.10258315E+01  0.21129316E-02
   1.20000  0.10273066E+01  0.21417214E-02
   1.30000  0.10303360E+01  0.22926641E-02
   1.40000  0.10357395E+01  0.26766340E-02
   1.50000  0.10440168E+01  0.31238805E-02
   1.60000  0.10567954E+01  0.37510543E-02
   1.70000  0.10768650E+01  0.48648217E-02
   1.80000  0.11084177E+01  0.64951785E-02
   1.90000  0.11603462E+01  0.89866644E-02
============================================================================

 Den-Den      0  0  1.0000  0.0
   0.00000  0.96325422E+00  0.13045893E-02
   0.10000  0.98415611E+00  0.69565687E-03
   0.20000  0.99417233E+00  0.29335706E-03
   0.30000  0.99911793E+00  0.15678858E-03
   0.40000  0.10015963E+01  0.16417790E-03
   0.50000  0.10027977E+01  0.19738647E-03
   0.60000  0.10033553E+01  0.20885891E-03
   0.70000  0.10035873E+01  0.21477239E-03
   0.80000  0.10036777E+01  0.21282980E-03
   0.90000  0.10037257E+01  0.21874007E-03
   1.00000  0.10037466E+01  0.23052928E-03
   1.10000  0.10037257E+01  0.21874007E-03
   1.20000  0.10036777E+01  0.21282980E-03
   1.30000  0.10035873E+01  0.21477239E-03
   1.40000  0.10033553E+01  0.20885891E-03
   1.50000  0.10027977E+01  0.19738647E-03
   1.60000  0.10015963E+01  0.16417790E-03
   1.70000  0.99911793E+00  0.15678858E-03
   1.80000  0.99417233E+00  0.29335706E-03
   1.90000  0.98415611E+00  0.69565687E-03
============================================================================

 Den-Den      0  0  2.0000  0.0
   0.00000  0.99553425E+00  0.29844157E-03
   0.10000  0.99646997E+00  0.24183359E-03
   0.20000  0.99790226E+00  0.21541105E-03
   0.30000  0.99918164E+00  0.19593628E-03
   0.40000  0.10002716E+01  0.21673154E-03
   0.50000  0.10010632E+01  0.24160261E-03
   0.60000  0.10016423E+01  0.25821853E-03
   0.70000  0.10020800E+01  0.28202319E-03
   0.80000  0.10023017E+01  0.27807698E-03
   0.90000  0.10023606E+01  0.26354663E-03
   1.00000  0.10024122E+01  0.27309241E-03
   1.10000  0.10023606E+01  0.26354663E-03
   1.20000  0.10023017E+01  0.27807698E-03
   1.30000  0.10020800E+01  0.28202319E-03
   1.40000  0.10016423E+01  0.25821853E-03
   1.50000  0.10010632E+01  0.24160261E-03
   1.60000  0.10002716E+01  0.21673154E-03
   1.70000  0.99918164E+00  0.19593628E-03
   1.80000  0.99790226E+00  0.21541105E-03
   1.90000  0.99646997E+00  0.24183359E-03
============================================================================

 Den-Den      0  0  1.0000  1.0
   0.00000  0.99567288E+00  0.26032038E-03
   0.10000  0.99649589E+00  0.20437667E-03
   0.20000  0.99788090E+00  0.12644644E-03
   0.30000  0.99914840E+00  0.11261864E-03
   0.40000  0.10001319E+01  0.11114425E-03
   0.50000  0.10008337E+01  0.13188287E-03
   0.60000  0.10013145E+01  0.16201188E-03
   0.70000  0.10016671E+01  0.18129441E-03
   0.80000  0.10018591E+01  0.18627764E-03
   0.90000  0.10019468E+01  0.18970388E-03
   1.00000  0.10019583E+01  0.19297055E-03
   1.10000  0.10019468E+01  0.18970388E-03
   1.20000  0.10018591E+01  0.18627764E-03
   1.30000  0.10016671E+01  0.18129441E-03
   1.40000  0.10013145E+01  0.16201188E-03
   1.50000  0.10008337E+01  0.13188287E-03
   1.60000  0.10001319E+01  0.11114425E-03
   1.70000  0.99914840E+00  0.11261864E-03
   1.80000  0.99788090E+00  0.12644644E-03
   1.90000  0.99649589E+00  0.20437667E-03
============================================================================

 Den-Den      0  0  2.0000  1.0
   0.00000  0.99705386E+00  0.21340805E-03
   0.10000  0.99735021E+00  0.19771693E-03
   0.20000  0.99802727E+00  0.14468117E-03
   0.30000  0.99879755E+00  0.97280668E-04
   0.40000  0.99952285E+00  0.82930849E-04
   0.50000  0.10001423E+01  0.87611074E-04
   0.60000  0.10006349E+01  0.10248465E-03
   0.70000  0.10009966E+01  0.12333988E-03
   0.80000  0.10012305E+01  0.14331026E-03
   0.90000  0.10013629E+01  0.15554610E-03
   1.00000  0.10013933E+01  0.15324770E-03
   1.10000  0.10013629E+01  0.15554610E-03
   1.20000  0.10012305E+01  0.14331026E-03
   1.30000  0.10009966E+01  0.12333988E-03
   1.40000  0.10006349E+01  0.10248465E-03
   1.50000  0.10001423E+01  0.87611074E-04
   1.60000  0.99952285E+00  0.82930849E-04
   1.70000  0.99879755E+00  0.97280668E-04
   1.80000  0.99802727E+00  0.14468117E-03
   1.90000  0.99735021E+00  0.19771693E-03
============================================================================

 Den-Den      0  0  2.0000  2.0
   0.00000  0.99645561E+00  0.31179609E-03
   0.10000  0.99679501E+00  0.26019379E-03
   0.20000  0.99754569E+00  0.19986107E-03
   0.30000  0.99860610E+00  0.17078921E-03
   0.40000  0.99974736E+00  0.23968530E-03
   0.50000  0.10008518E+01  0.32914293E-03
   0.60000  0.10018474E+01  0.41305213E-03
   0.70000  0.10025900E+01  0.48620553E-03
   0.80000  0.10031109E+01  0.55404393E-03
   0.90000  0.10033955E+01  0.57918383E-03
   1.00000  0.10034691E+01  0.59253784E-03
   1.10000  0.10033955E+01  0.57918383E-03
   1.20000  0.10031109E+01  0.55404393E-03
   1.30000  0.10025900E+01  0.48620553E-03
   1.40000  0.10018474E+01  0.41305213E-03
   1.50000  0.10008518E+01  0.32914293E-03
   1.60000  0.99974736E+00  0.23968530E-03
   1.70000  0.99860610E+00  0.17078921E-03
   1.80000  0.99754569E+00  0.19986107E-03
   1.90000  0.99679501E+00  0.26019379E-03
============================================================================

 S-wave       0  0  0.0000  0.0
   0.00000  0.25064198E+00  0.11727899E-01
   0.10000  0.16034616E+00  0.89866644E-02
   0.20000  0.10841772E+00  0.64951785E-02
   0.30000  0.76865019E-01  0.48648217E-02
   0.40000  0.56795363E-01  0.37510543E-02
   0.50000  0.44016802E-01  0.31238805E-02
   0.60000  0.35739544E-01  0.26766340E-02
   0.70000  0.30335958E-01  0.22926641E-02
   0.80000  0.27306610E-01  0.21417214E-02
   0.90000  0.25831546E-01  0.21129316E-02
   1.00000  0.25403564E-01  0.20866372E-02
   1.10000  0.25831546E-01  0.21129316E-02
   1.20000  0.27306610E-01  0.21417214E-02
   1.30000  0.30335958E-01  0.22926641E-02
   1.40000  0.35739544E-01  0.26766340E-02
   1.50000  0.44016802E-01  0.31238805E-02
   1.60000  0.56795363E-01  0.37510543E-02
   1.70000  0.76865019E-01  0.48648217E-02
   1.80000  0.10841772E+00  0.64951785E-02
   1.90000  0.16034616E+00  0.89866644E-02
============================================================================

 S-wave       0  0  1.0000  0.0
   0.00000  0.36745780E-01  0.13045893E-02
   0.10000  0.15843892E-01  0.69565687E-03
   0.20000  0.58276749E-02  0.29335706E-03
   0.30000  0.88206941E-03  0.15678858E-03
   0.40000 -0.15962529E-02  0.16417790E-03
   0.50000 -0.27977134E-02  0.19738647E-03
   0.60000 -0.33552589E-02  0.20885891E-03
   0.70000 -0.35872777E-02  0.21477239E-03
   0.80000 -0.36776632E-02  0.21282980E-03
   0.90000 -0.37257178E-02  0.21874007E-03
   1.00000 -0.37466121E-02  0.23052928E-03
   1.10000 -0.37257178E-02  0.21874007E-03
   1.20000 -0.36776632E-02  0.21282980E-03
   1.30000 -0.35872777E-02  0.21477239E-03
   1.40000 -0.33552589E-02  0.20885891E-03
   1.50000 -0.27977134E-02  0.19738647E-03
   1.60000 -0.15962529E-02  0.16417790E-03
   1.70000  0.88206941E-03  0.15678858E-03
   1.80000  0.58276749E-02  0.29335706E-03
   1.90000  0.15843892E-01  0.69565687E-03
============================================================================

 S-wave       0  0  2.0000  0.0
   0.00000 -0.44657516E-02  0.29844157E-03
   0.10000 -0.35300304E-02  0.24183359E-03
   0.20000 -0.20977361E-02  0.21541105E-03
   0.30000 -0.81835699E-03  0.19593628E-03
   0.40000  0.27160994E-03  0.21673154E-03
   0.50000  0.10631675E-02  0.24160261E-03
   0.60000  0.16423321E-02  0.25821853E-03
   0.70000  0.20799827E-02  0.28202319E-03
   0.80000  0.23016601E-02  0.27807698E-03
   0.90000  0.23606363E-02  0.26354663E-03
   1.00000  0.24121906E-02  0.27309241E-03
   1.10000  0.23606363E-02  0.26354663E-03
   1.20000  0.23016601E-02  0.27807698E-03
   1.30000  0.20799827E-02  0.28202319E-03
   1.40000  0.16423321E-02  0.25821853E-03
   1.50000  0.10631675E-02  0.24160261E-03
   1.60000  0.27160994E-03  0.21673154E-03
   1.70000 -0.81835699E-03  0.19593628E-03
   1.80000 -0.20977361E-02  0.21541105E-03
   1.90000 -0.35300304E-02  0.24183359E-03
============================================================================

 S-wave       0  0  1.0000  1.0
   0.00000 -0.43271173E-02  0.26032038E-03
   0.10000 -0.35041096E-02  0.20437667E-03
   0.20000 -0.21190991E-02  0.12644644E-03
   0.30000 -0.85159561E-03  0.11261864E-03
   0.40000  0.13189665E-03  0.11114425E-03
   0.50000  0.83370341E-03  0.13188287E-03
   0.60000  0.13144542E-02  0.16201188E-03
   0.70000  0.16670935E-02  0.18129441E-03
   0.80000  0.18591395E-02  0.18627764E-03
   0.90000  0.19468112E-02  0.18970388E-03
   1.00000  0.19582649E-02  0.19297055E-03
   1.10000  0.19468112E-02  0.18970388E-03
   1.20000  0.18591395E-02  0.18627764E-03
   1.30000  0.16670935E-02  0.18129441E-03
   1.40000  0.13144542E-02  0.16201188E-03
   1.50000  0.83370341E-03  0.13188287E-03
   1.60000  0.13189665E-03  0.11114425E-03
   1.70000 -0.85159561E-03  0.11261864E-03
   1.80000 -0.21190991E-02  0.12644644E-03
   1.90000 -0.35041096E-02  0.20437667E-03
============================================================================

 S-wave       0  0  2.0000  1.0
   0.00000  0.29461393E-02  0.21340805E-03
   0.10000  0.26497907E-02  0.19771693E-03
   0.20000  0.19727278E-02  0.14468117E-03
   0.30000  0.12024540E-02  0.97280668E-04
   0.40000  0.47715186E-03  0.82930849E-04
   0.50000 -0.14233433E-03  0.87611074E-04
   0.60000 -0.63487376E-03  0.10248465E-03
   0.70000 -0.99662951E-03  0.12333988E-03
   0.80000 -0.12304647E-02  0.14331026E-03
   0.90000 -0.13628687E-02  0.15554610E-03
   1.00000 -0.13933348E-02  0.15324770E-03
   1.10000 -0.13628687E-02  0.15554610E-03
   1.20000 -0.12304647E-02  0.14331026E-03
   1.30000 -0.99662951E-03  0.12333988E-03
   1.40000 -0.63487376E-03  0.10248465E-03
   1.50000 -0.14233433E-03  0.87611074E-04
   1.60000  0.47715186E-03  0.82930849E-04
   1.70000  0.12024540E-02  0.97280668E-04
   1.80000  0.19727278E-02  0.14468117E-03
   1.90000  0.26497907E-02  0.19771693E-03
============================================================================

 S-wave       0  0  2.0000  2.0
   0.00000 -0.35443938E-02  0.31179609E-03
   0.10000 -0.32049912E-02  0.26019379E-03
   0.20000 -0.24543113E-02  0.19986107E-03
   0.30000 -0.13938954E-02  0.17078921E-03
   0.40000 -0.25264056E-03  0.23968530E-03
   0.50000  0.85179150E-03  0.32914293E-03
   0.60000  0.18473774E-02  0.41305213E-03
   0.70000  0.25900076E-02  0.48620553E-03
   0.80000  0.31109333E-02  0.55404393E-03
   0.90000  0.33955237E-02  0.57918383E-03
   1.00000  0.34691414E-02  0.59253784E-03
   1.10000  0.33955237E-02  0.57918383E-03
   1.20000  0.31109333E-02  0.55404393E-03
   1.30000  0.25900076E-02  0.48620553E-03
   1.40000  0.18473774E-02  0.41305213E-03
   1.50000  0.85179150E-03  0.32914293E-03
   1.60000 -0.25264056E-03  0.23968530E-03
   1.70000 -0.13938954E-02  0.17078921E-03
   1.80000 -0.24543113E-02  0.19986107E-03
   1.90000 -0.32049912E-02  0.26019379E-03
============================================================================

